# JRE version: Java(TM) SE Runtime Environment (8.0_181-b13) (build 1.8.0_181-b13)
# Java VM: Java HotSpot(TM) 64-Bit Server VM (25.181-b13 mixed mode windows-amd64 compressed oops)
Heap:
 PSYoungGen      total 116736K, used 88616K [0x00000000eab00000, 0x00000000f2600000, 0x0000000100000000)
  eden space 108544K, 74% used [0x00000000eab00000,0x00000000ef98d230,0x00000000f1500000)
  from space 8192K, 99% used [0x00000000f1600000,0x00000000f1dfcf90,0x00000000f1e00000)
  to   space 7168K, 0% used [0x00000000f1f00000,0x00000000f1f00000,0x00000000f2600000)
 ParOldGen       total 43008K, used 22183K [0x00000000c0000000, 0x00000000c2a00000, 0x00000000eab00000)
  object space 43008K, 51% used [0x00000000c0000000,0x00000000c15a9dc0,0x00000000c2a00000)
 Metaspace       used 44311K, capacity 45698K, committed 45952K, reserved 1089536K
  class space    used 6274K, capacity 6677K, committed 6784K, reserved 1048576K
GC Heap History (10 events):
Event: 31.163 GC heap before
{Heap before GC invocations=13 (full 1):
 PSYoungGen      total 55296K, used 55287K [0x00000000eab00000, 0x00000000f0280000, 0x0000000100000000)
  eden space 49664K, 100% used [0x00000000eab00000,0x00000000edb80000,0x00000000edb80000)
  from space 5632K, 99% used [0x00000000edb80000,0x00000000ee0fdd60,0x00000000ee100000)
  to   space 7168K, 0% used [0x00000000efb80000,0x00000000efb80000,0x00000000f0280000)
 ParOldGen       total 30208K, used 12520K [0x00000000c0000000, 0x00000000c1d80000, 0x00000000eab00000)
  object space 30208K, 41% used [0x00000000c0000000,0x00000000c0c3a398,0x00000000c1d80000)
 Metaspace       used 32917K, capacity 33448K, committed 33792K, reserved 1079296K
  class space    used 4586K, capacity 4759K, committed 4864K, reserved 1048576K
Event: 31.181 GC heap after
Heap after GC invocations=13 (full 1):
 PSYoungGen      total 81920K, used 5739K [0x00000000eab00000, 0x00000000f0380000, 0x0000000100000000)
  eden space 74752K, 0% used [0x00000000eab00000,0x00000000eab00000,0x00000000ef400000)
  from space 7168K, 80% used [0x00000000efb80000,0x00000000f011ad78,0x00000000f0280000)
  to   space 7680K, 0% used [0x00000000ef400000,0x00000000ef400000,0x00000000efb80000)
 ParOldGen       total 30208K, used 15093K [0x00000000c0000000, 0x00000000c1d80000, 0x00000000eab00000)
  object space 30208K, 49% used [0x00000000c0000000,0x00000000c0ebd5c8,0x00000000c1d80000)
 Metaspace       used 32917K, capacity 33448K, committed 33792K, reserved 1079296K
  class space    used 4586K, capacity 4759K, committed 4864K, reserved 1048576K
}
Event: 32.826 GC heap before
{Heap before GC invocations=14 (full 1):
 PSYoungGen      total 81920K, used 43621K [0x00000000eab00000, 0x00000000f0380000, 0x0000000100000000)
  eden space 74752K, 50% used [0x00000000eab00000,0x00000000ecffe918,0x00000000ef400000)
  from space 7168K, 80% used [0x00000000efb80000,0x00000000f011ad78,0x00000000f0280000)
  to   space 7680K, 0% used [0x00000000ef400000,0x00000000ef400000,0x00000000efb80000)
 ParOldGen       total 30208K, used 15093K [0x00000000c0000000, 0x00000000c1d80000, 0x00000000eab00000)
  object space 30208K, 49% used [0x00000000c0000000,0x00000000c0ebd5c8,0x00000000c1d80000)
 Metaspace       used 34895K, capacity 35434K, committed 35496K, reserved 1079296K
  class space    used 4922K, capacity 5100K, committed 5120K, reserved 1048576K
Event: 32.847 GC heap after
Heap after GC invocations=14 (full 1):
 PSYoungGen      total 82432K, used 3204K [0x00000000eab00000, 0x00000000f2600000, 0x0000000100000000)
  eden space 74752K, 0% used [0x00000000eab00000,0x00000000eab00000,0x00000000ef400000)
  from space 7680K, 41% used [0x00000000ef400000,0x00000000ef721248,0x00000000efb80000)
  to   space 7168K, 0% used [0x00000000f1f00000,0x00000000f1f00000,0x00000000f2600000)
 ParOldGen       total 30208K, used 17380K [0x00000000c0000000, 0x00000000c1d80000, 0x00000000eab00000)
  object space 30208K, 57% used [0x00000000c0000000,0x00000000c10f9018,0x00000000c1d80000)
 Metaspace       used 34895K, capacity 35434K, committed 35496K, reserved 1079296K
  class space    used 4922K, capacity 5100K, committed 5120K, reserved 1048576K
}
Event: 32.847 GC heap before
{Heap before GC invocations=15 (full 2):
 PSYoungGen      total 82432K, used 3204K [0x00000000eab00000, 0x00000000f2600000, 0x0000000100000000)
  eden space 74752K, 0% used [0x00000000eab00000,0x00000000eab00000,0x00000000ef400000)
  from space 7680K, 41% used [0x00000000ef400000,0x00000000ef721248,0x00000000efb80000)
  to   space 7168K, 0% used [0x00000000f1f00000,0x00000000f1f00000,0x00000000f2600000)
 ParOldGen       total 30208K, used 17380K [0x00000000c0000000, 0x00000000c1d80000, 0x00000000eab00000)
  object space 30208K, 57% used [0x00000000c0000000,0x00000000c10f9018,0x00000000c1d80000)
 Metaspace       used 34895K, capacity 35434K, committed 35496K, reserved 1079296K
  class space    used 4922K, capacity 5100K, committed 5120K, reserved 1048576K
Event: 33.093 GC heap after
Heap after GC invocations=15 (full 2):
 PSYoungGen      total 82432K, used 0K [0x00000000eab00000, 0x00000000f2600000, 0x0000000100000000)
  eden space 74752K, 0% used [0x00000000eab00000,0x00000000eab00000,0x00000000ef400000)
  from space 7680K, 0% used [0x00000000ef400000,0x00000000ef400000,0x00000000efb80000)
  to   space 7168K, 0% used [0x00000000f1f00000,0x00000000f1f00000,0x00000000f2600000)
 ParOldGen       total 43008K, used 15927K [0x00000000c0000000, 0x00000000c2a00000, 0x00000000eab00000)
  object space 43008K, 37% used [0x00000000c0000000,0x00000000c0f8de40,0x00000000c2a00000)
 Metaspace       used 34895K, capacity 35434K, committed 35496K, reserved 1079296K
  class space    used 4922K, capacity 5100K, committed 5120K, reserved 1048576K
}
Event: 34.829 GC heap before
{Heap before GC invocations=16 (full 2):
 PSYoungGen      total 82432K, used 74752K [0x00000000eab00000, 0x00000000f2600000, 0x0000000100000000)
  eden space 74752K, 100% used [0x00000000eab00000,0x00000000ef400000,0x00000000ef400000)
  from space 7680K, 0% used [0x00000000ef400000,0x00000000ef400000,0x00000000efb80000)
  to   space 7168K, 0% used [0x00000000f1f00000,0x00000000f1f00000,0x00000000f2600000)
 ParOldGen       total 43008K, used 15927K [0x00000000c0000000, 0x00000000c2a00000, 0x00000000eab00000)
  object space 43008K, 37% used [0x00000000c0000000,0x00000000c0f8de40,0x00000000c2a00000)
 Metaspace       used 37122K, capacity 37870K, committed 38016K, reserved 1081344K
  class space    used 5301K, capacity 5496K, committed 5504K, reserved 1048576K
Event: 34.936 GC heap after
Heap after GC invocations=16 (full 2):
 PSYoungGen      total 115712K, used 6690K [0x00000000eab00000, 0x00000000f2600000, 0x0000000100000000)
  eden space 108544K, 0% used [0x00000000eab00000,0x00000000eab00000,0x00000000f1500000)
  from space 7168K, 93% used [0x00000000f1f00000,0x00000000f2588908,0x00000000f2600000)
  to   space 8192K, 0% used [0x00000000f1600000,0x00000000f1600000,0x00000000f1e00000)
 ParOldGen       total 43008K, used 15935K [0x00000000c0000000, 0x00000000c2a00000, 0x00000000eab00000)
  object space 43008K, 37% used [0x00000000c0000000,0x00000000c0f8fe40,0x00000000c2a00000)
 Metaspace       used 37122K, capacity 37870K, committed 38016K, reserved 1081344K
  class space    used 5301K, capacity 5496K, committed 5504K, reserved 1048576K
}
Event: 709.469 GC heap before
{Heap before GC invocations=17 (full 2):
 PSYoungGen      total 115712K, used 115234K [0x00000000eab00000, 0x00000000f2600000, 0x0000000100000000)
  eden space 108544K, 100% used [0x00000000eab00000,0x00000000f1500000,0x00000000f1500000)
  from space 7168K, 93% used [0x00000000f1f00000,0x00000000f2588908,0x00000000f2600000)
  to   space 8192K, 0% used [0x00000000f1600000,0x00000000f1600000,0x00000000f1e00000)
 ParOldGen       total 43008K, used 15935K [0x00000000c0000000, 0x00000000c2a00000, 0x00000000eab00000)
  object space 43008K, 37% used [0x00000000c0000000,0x00000000c0f8fe40,0x00000000c2a00000)
 Metaspace       used 42240K, capacity 43642K, committed 43904K, reserved 1087488K
  class space    used 6061K, capacity 6473K, committed 6528K, reserved 1048576K
Event: 709.601 GC heap after
Heap after GC invocations=17 (full 2):
 PSYoungGen      total 116736K, used 8179K [0x00000000eab00000, 0x00000000f2600000, 0x0000000100000000)
  eden space 108544K, 0% used [0x00000000eab00000,0x00000000eab00000,0x00000000f1500000)
  from space 8192K, 99% used [0x00000000f1600000,0x00000000f1dfcf90,0x00000000f1e00000)
  to   space 7168K, 0% used [0x00000000f1f00000,0x00000000f1f00000,0x00000000f2600000)
 ParOldGen       total 43008K, used 22183K [0x00000000c0000000, 0x00000000c2a00000, 0x00000000eab00000)
  object space 43008K, 51% used [0x00000000c0000000,0x00000000c15a9dc0,0x00000000c2a00000)
 Metaspace       used 42240K, capacity 43642K, committed 43904K, reserved 1087488K
  class space    used 6061K, capacity 6473K, committed 6528K, reserved 1048576K
}

